<?xml version="1.0" encoding="UTF-8"?>
<!-- Generated by org.testng.reporters.JUnitReportReporter -->
<testsuite skipped="0" hostname="CTSAUS-LT-373" name="cucumberoptions.TestRunner" tests="1" failures="0" timestamp="17 May 2019 05:46:12 GMT" time="40.717" errors="0">
  <testcase name="runScenario" time="40.717" classname="cucumberoptions.TestRunner"/>
</testsuite> <!-- cucumberoptions.TestRunner -->
