<?xml version="1.0" encoding="UTF-8"?>
<!-- Generated by org.testng.reporters.JUnitReportReporter -->
<testsuite skipped="0" hostname="CTSAUS-LT-373" name="cucumberoptions.TestRunner" tests="1" failures="0" timestamp="14 May 2019 02:30:21 GMT" time="33.860" errors="0">
  <testcase name="runScenario" time="33.860" classname="cucumberoptions.TestRunner"/>
</testsuite> <!-- cucumberoptions.TestRunner -->
